<?xml version="1.0" encoding="UTF-8"?>
<testsuite name="se.qred.loan.service.ApplicationServiceTest" tests="1" skipped="0" failures="0" errors="0" timestamp="2024-02-02T10:00:33" hostname="Shahbazs-MBP-3" time="0.001">
  <properties/>
  <testcase name="testCreateNewApplication" classname="se.qred.loan.service.ApplicationServiceTest" time="0.001"/>
  <system-out><![CDATA[]]></system-out>
  <system-err><![CDATA[]]></system-err>
</testsuite>
